Using pre-set license
Built from '2020.2/release' branch; Version is '2020.2.2f1 (068178b99f32) revision 426360'; Using compiler version '192528614'; Build Type 'Release'
OS: 'Windows 10 Home; OS build 18363.1256; Version 1909; 64bit' Language: 'en' Physical Memory: 16335 MB
BatchMode: 1, IsHumanControllingUs: 0, StartBugReporterOnCrash: 0, Is64bit: 1, IsPro: 0

 COMMAND LINE ARGUMENTS:
C:\Program Files\Unity\Hub\Editor\2020.2.2f1\Editor\Unity.exe
-adb2
-batchMode
-noUpm
-name
AssetImportWorker0
-projectPath
C:/Users/Tanner/Desktop/GameJamFinal
-logFile
Logs/AssetImportWorker0.log
-srvPort
60536
Successfully changed project path to: C:/Users/Tanner/Desktop/GameJamFinal
C:/Users/Tanner/Desktop/GameJamFinal
Using Asset Import Pipeline V2.
Refreshing native plugins compatible for Editor in 78.72 ms, found 1 plugins.
Preloading 0 native plugins for Editor in 0.00 ms.
Initialize engine version: 2020.2.2f1 (068178b99f32)
[Subsystems] Discovering subsystems at path C:/Program Files/Unity/Hub/Editor/2020.2.2f1/Editor/Data/Resources/UnitySubsystems
[Subsystems] Discovering subsystems at path C:/Users/Tanner/Desktop/GameJamFinal/Assets
GfxDevice: creating device client; threaded=0
Direct3D:
    Version:  Direct3D 11.0 [level 11.1]
    Renderer: NVIDIA GeForce GTX 1060 3GB (ID=0x1c02)
    Vendor:   
    VRAM:     2988 MB
    Driver:   27.21.14.5751
Shader 'Universal Render Pipeline/Particles/Lit': fallback shader 'Universal Render Pipeline/Particles/SimpleLit' not found
Initialize mono
Mono path[0] = 'C:/Program Files/Unity/Hub/Editor/2020.2.2f1/Editor/Data/Managed'
Mono path[1] = 'C:/Program Files/Unity/Hub/Editor/2020.2.2f1/Editor/Data/MonoBleedingEdge/lib/mono/unityjit'
Mono config path = 'C:/Program Files/Unity/Hub/Editor/2020.2.2f1/Editor/Data/MonoBleedingEdge/etc'
Using monoOptions --debugger-agent=transport=dt_socket,embedding=1,server=y,suspend=n,address=127.0.0.1:56612
Begin MonoManager ReloadAssembly
Registering precompiled unity dll's ...
Register platform support module: C:/Program Files/Unity/Hub/Editor/2020.2.2f1/Editor/Data/PlaybackEngines/WindowsStandaloneSupport/UnityEditor.WindowsStandalone.Extensions.dll
Registered in 0.002670 seconds.
Native extension for WindowsStandalone target not found
Refreshing native plugins compatible for Editor in 88.74 ms, found 1 plugins.
Preloading 0 native plugins for Editor in 0.00 ms.
Invoked RoslynAnalysisRunner static constructor.
RoslynAnalysisRunner will not be running.
RoslynAnalysisRunner has terminated.
Mono: successfully reloaded assembly
- Completed reload, in  1.411 seconds
Platform modules already initialized, skipping
Registering precompiled user dll's ...
Registered in 0.002267 seconds.
Begin MonoManager ReloadAssembly
Native extension for WindowsStandalone target not found
Refreshing native plugins compatible for Editor in 69.10 ms, found 1 plugins.
Preloading 0 native plugins for Editor in 0.00 ms.
Invoked RoslynAnalysisRunner static constructor.
RoslynAnalysisRunner will not be running.
RoslynAnalysisRunner has terminated.
Mono: successfully reloaded assembly
- Completed reload, in  1.256 seconds
Platform modules already initialized, skipping
========================================================================
Worker process is ready to serve import requests
Shader 'Universal Render Pipeline/Particles/Lit': fallback shader 'Universal Render Pipeline/Particles/SimpleLit' not found
Launched and connected shader compiler UnityShaderCompiler.exe after 0.05 seconds
Refreshing native plugins compatible for Editor in 0.75 ms, found 1 plugins.
Preloading 0 native plugins for Editor in 0.00 ms.
Unloading 2936 Unused Serialized files (Serialized files now loaded: 0)
System memory in use before: 128.6 MB.
System memory in use after: 128.6 MB.

Unloading 25 unused Assets to reduce memory usage. Loaded Objects now: 3376.
Total: 3.076600 ms (FindLiveObjects: 0.362300 ms CreateObjectMapping: 0.087100 ms MarkObjects: 2.449700 ms  DeleteObjects: 0.176100 ms)

========================================================================
Received Import Request.
  path: Assets/FloorWallSidingBottom.png
  artifactKey: Guid(7e044f682a7371649a083f13aa076199) Importer(815301076,1909f56bfc062723c751e8b465ee728b)
Start importing Assets/FloorWallSidingBottom.png using Guid(7e044f682a7371649a083f13aa076199) Importer(815301076,1909f56bfc062723c751e8b465ee728b)  -> (artifact id: '9ed2382a7ddddc3c11db14ef344bead3') in 0.104959 seconds
  Import took 0.110390 seconds .

========================================================================
Received Import Request.
  Time since last request: 0.000296 seconds.
  path: Assets/Bullet.prefab
  artifactKey: Guid(fbea1e2c8f318fe4dbbd0e52c230e552) Importer(815301076,1909f56bfc062723c751e8b465ee728b)
Start importing Assets/Bullet.prefab using Guid(fbea1e2c8f318fe4dbbd0e52c230e552) Importer(815301076,1909f56bfc062723c751e8b465ee728b)  -> (artifact id: '3cfe9fc562aa0848c764881f28ac4751') in 0.218410 seconds
  Import took 0.224425 seconds .

========================================================================
Received Import Request.
  Time since last request: 0.000192 seconds.
  path: Assets/PipelineAsset_Renderer.asset
  artifactKey: Guid(9a1d8785b7e7a2a4c84bc1ac0037e3d3) Importer(815301076,1909f56bfc062723c751e8b465ee728b)
Start importing Assets/PipelineAsset_Renderer.asset using Guid(9a1d8785b7e7a2a4c84bc1ac0037e3d3) Importer(815301076,1909f56bfc062723c751e8b465ee728b)  -> (artifact id: '85edf02b94405ad09d7eab95e237c915') in 0.014398 seconds
  Import took 0.019600 seconds .

========================================================================
Received Import Request.
  Time since last request: 0.000231 seconds.
  path: Assets/Laser2.png
  artifactKey: Guid(037ea88c75964ce49ab47fc630cb8304) Importer(815301076,1909f56bfc062723c751e8b465ee728b)
Start importing Assets/Laser2.png using Guid(037ea88c75964ce49ab47fc630cb8304) Importer(815301076,1909f56bfc062723c751e8b465ee728b)  -> (artifact id: 'b275977c1e6ba3ac8ea1074a9bd44f24') in 0.032234 seconds
  Import took 0.037629 seconds .

========================================================================
Received Import Request.
  Time since last request: 0.000259 seconds.
  path: Assets/Laser.png
  artifactKey: Guid(21625e348f734cc42aba44848479e1f0) Importer(815301076,1909f56bfc062723c751e8b465ee728b)
Start importing Assets/Laser.png using Guid(21625e348f734cc42aba44848479e1f0) Importer(815301076,1909f56bfc062723c751e8b465ee728b)  -> (artifact id: '9ce53c756ca7e1dbd3b7e8c3b7b6984c') in 0.041783 seconds
  Import took 0.047903 seconds .

========================================================================
Received Import Request.
  Time since last request: 0.000270 seconds.
  path: Assets/Enemy Bullet.prefab
  artifactKey: Guid(cf32ff6f23f5ddf4ebcea52fb178e00f) Importer(815301076,1909f56bfc062723c751e8b465ee728b)
Start importing Assets/Enemy Bullet.prefab using Guid(cf32ff6f23f5ddf4ebcea52fb178e00f) Importer(815301076,1909f56bfc062723c751e8b465ee728b)  -> (artifact id: '64149d67503e2a417b1a86946d503390') in 0.024908 seconds
  Import took 0.031034 seconds .

========================================================================
Received Import Request.
  Time since last request: 0.000257 seconds.
  path: Assets/EnemyExplode.png
  artifactKey: Guid(76032753c82585f40b0b088ec385ab92) Importer(815301076,1909f56bfc062723c751e8b465ee728b)
Start importing Assets/EnemyExplode.png using Guid(76032753c82585f40b0b088ec385ab92) Importer(815301076,1909f56bfc062723c751e8b465ee728b)  -> (artifact id: 'bae08f51e8b10b2a906d651f610a1008') in 0.021865 seconds
  Import took 0.027964 seconds .

========================================================================
Received Import Request.
  Time since last request: 0.000235 seconds.
  path: Assets/Enemy Bullet.prefab
  artifactKey: Guid(cf32ff6f23f5ddf4ebcea52fb178e00f) Importer(815301076,1909f56bfc062723c751e8b465ee728b)
Start importing Assets/Enemy Bullet.prefab using Guid(cf32ff6f23f5ddf4ebcea52fb178e00f) Importer(815301076,1909f56bfc062723c751e8b465ee728b)  -> (artifact id: '64149d67503e2a417b1a86946d503390') in 0.013618 seconds
  Import took 0.019462 seconds .

========================================================================
Received Import Request.
  Time since last request: 0.000216 seconds.
  path: Assets/Explosion.prefab
  artifactKey: Guid(dd11eeba565e32b4a95dd7a9b618e6b8) Importer(815301076,1909f56bfc062723c751e8b465ee728b)
Start importing Assets/Explosion.prefab using Guid(dd11eeba565e32b4a95dd7a9b618e6b8) Importer(815301076,1909f56bfc062723c751e8b465ee728b)  -> (artifact id: 'd0766ae34c690b788fbc8610afe01870') in 0.023136 seconds
  Import took 0.029307 seconds .

========================================================================
Received Import Request.
  Time since last request: 0.000275 seconds.
  path: Assets/Enemy2.png
  artifactKey: Guid(33530cde284e52b4985133989dbd8936) Importer(815301076,1909f56bfc062723c751e8b465ee728b)
Start importing Assets/Enemy2.png using Guid(33530cde284e52b4985133989dbd8936) Importer(815301076,1909f56bfc062723c751e8b465ee728b)  -> (artifact id: '6cffb032f2512a85443975960010b648') in 0.020998 seconds
  Import took 0.027302 seconds .

========================================================================
Received Import Request.
  Time since last request: 0.000256 seconds.
  path: Assets/Waypoint.prefab
  artifactKey: Guid(aa87b1c8ec9ad7f4c8063a8d6a9e6953) Importer(815301076,1909f56bfc062723c751e8b465ee728b)
Start importing Assets/Waypoint.prefab using Guid(aa87b1c8ec9ad7f4c8063a8d6a9e6953) Importer(815301076,1909f56bfc062723c751e8b465ee728b)  -> (artifact id: '27c69875a9e92894917f435841e6e925') in 0.010432 seconds
  Import took 0.015897 seconds .

========================================================================
Received Import Request.
  Time since last request: 0.000257 seconds.
  path: Assets/FloorTileInnerCorner.asset
  artifactKey: Guid(11f4d43fd586f3f45a27b10644aca60f) Importer(815301076,1909f56bfc062723c751e8b465ee728b)
Start importing Assets/FloorTileInnerCorner.asset using Guid(11f4d43fd586f3f45a27b10644aca60f) Importer(815301076,1909f56bfc062723c751e8b465ee728b)  -> (artifact id: '4dafb32ec996946264ecb50bd005b4a8') in 0.025555 seconds
  Import took 0.031093 seconds .

========================================================================
Received Import Request.
  Time since last request: 0.000210 seconds.
  path: Assets/FloorWallSidingRight.png
  artifactKey: Guid(518c2ec9f5cb9774d97a962e7885a9f8) Importer(815301076,1909f56bfc062723c751e8b465ee728b)
Start importing Assets/FloorWallSidingRight.png using Guid(518c2ec9f5cb9774d97a962e7885a9f8) Importer(815301076,1909f56bfc062723c751e8b465ee728b)  -> (artifact id: '46c87e2f957df7b297fd370bde496461') in 0.020923 seconds
  Import took 0.025918 seconds .

========================================================================
Received Import Request.
  Time since last request: 0.000214 seconds.
  path: Assets/PipelineAsset.asset
  artifactKey: Guid(6dba4af3a3a87474eaf790ba1ff9e8a4) Importer(815301076,1909f56bfc062723c751e8b465ee728b)
Start importing Assets/PipelineAsset.asset using Guid(6dba4af3a3a87474eaf790ba1ff9e8a4) Importer(815301076,1909f56bfc062723c751e8b465ee728b)  -> (artifact id: 'df6d79328d114db019d406e9a3af671f') in 0.009598 seconds
  Import took 0.014931 seconds .

========================================================================
Received Import Request.
  Time since last request: 0.000200 seconds.
  path: Assets/FloorWallSidingTop.png
  artifactKey: Guid(a08bd87a3f946a249ac4ba5431535789) Importer(815301076,1909f56bfc062723c751e8b465ee728b)
Start importing Assets/FloorWallSidingTop.png using Guid(a08bd87a3f946a249ac4ba5431535789) Importer(815301076,1909f56bfc062723c751e8b465ee728b)  -> (artifact id: 'e2a0ac04d1141256ce088c9db7e05890') in 0.266416 seconds
  Import took 0.271937 seconds .

========================================================================
Received Import Request.
  Time since last request: 0.000234 seconds.
  path: Assets/FloorTileOuterCorner.asset
  artifactKey: Guid(42456cd7c4e98b74aa0f0d03c3722616) Importer(815301076,1909f56bfc062723c751e8b465ee728b)
Start importing Assets/FloorTileOuterCorner.asset using Guid(42456cd7c4e98b74aa0f0d03c3722616) Importer(815301076,1909f56bfc062723c751e8b465ee728b)  -> (artifact id: '8f5c883f66f6cbab38c89cc66e8c806c') in 0.026498 seconds
  Import took 0.032007 seconds .

========================================================================
Received Import Request.
  Time since last request: 0.000212 seconds.
  path: Assets/Helmet.png
  artifactKey: Guid(4d4f4c40ea95cd94391fda2f904a3285) Importer(815301076,1909f56bfc062723c751e8b465ee728b)
Start importing Assets/Helmet.png using Guid(4d4f4c40ea95cd94391fda2f904a3285) Importer(815301076,1909f56bfc062723c751e8b465ee728b)  -> (artifact id: 'c53c5d142769a49477fd6676d1e90a8a') in 0.019615 seconds
  Import took 0.024429 seconds .

========================================================================
Received Import Request.
  Time since last request: 0.000242 seconds.
  path: Assets/FloorTileFix.png
  artifactKey: Guid(d69ce9a91440cc444b00d8df41ac1296) Importer(815301076,1909f56bfc062723c751e8b465ee728b)
Start importing Assets/FloorTileFix.png using Guid(d69ce9a91440cc444b00d8df41ac1296) Importer(815301076,1909f56bfc062723c751e8b465ee728b)  -> (artifact id: 'ab46ae667ec810cdf724825fc32c4562') in 0.018985 seconds
  Import took 0.024293 seconds .

========================================================================
Received Import Request.
  Time since last request: 0.000177 seconds.
  path: Assets/FloorTileFix.asset
  artifactKey: Guid(909efe17b9481bd4ebc393222c38a46b) Importer(815301076,1909f56bfc062723c751e8b465ee728b)
Start importing Assets/FloorTileFix.asset using Guid(909efe17b9481bd4ebc393222c38a46b) Importer(815301076,1909f56bfc062723c751e8b465ee728b)  -> (artifact id: 'f7bff7226ebf91412a7402294239a371') in 0.012751 seconds
  Import took 0.018233 seconds .

========================================================================
Received Import Request.
  Time since last request: 0.000279 seconds.
  path: Assets/FloorTileInnerCorner.png
  artifactKey: Guid(1e2573d0b90f18445936b1b9baf4454f) Importer(815301076,1909f56bfc062723c751e8b465ee728b)
Start importing Assets/FloorTileInnerCorner.png using Guid(1e2573d0b90f18445936b1b9baf4454f) Importer(815301076,1909f56bfc062723c751e8b465ee728b)  -> (artifact id: 'f054a2944c61d92802b58020ce2bd5c8') in 0.016102 seconds
  Import took 0.021410 seconds .

========================================================================
Received Import Request.
  Time since last request: 0.000199 seconds.
  path: Assets/2D_Renderer.asset
  artifactKey: Guid(b42ac1967a7c8d741be6e13bf6911c63) Importer(815301076,1909f56bfc062723c751e8b465ee728b)
Start importing Assets/2D_Renderer.asset using Guid(b42ac1967a7c8d741be6e13bf6911c63) Importer(815301076,1909f56bfc062723c751e8b465ee728b)  -> (artifact id: '76440cdfcc3e2dcc2180ac1950d90982') in 0.009211 seconds
  Import took 0.014032 seconds .

========================================================================
Received Import Request.
  Time since last request: 0.000327 seconds.
  path: Assets/FloorWallSiding.png
  artifactKey: Guid(3a0f1e89f8d954f47b94ee2f5be581b3) Importer(815301076,1909f56bfc062723c751e8b465ee728b)
Start importing Assets/FloorWallSiding.png using Guid(3a0f1e89f8d954f47b94ee2f5be581b3) Importer(815301076,1909f56bfc062723c751e8b465ee728b)  -> (artifact id: 'f55da35b8f1ae17f72ec185272ac61c4') in 0.100414 seconds
  Import took 0.105695 seconds .

========================================================================
Received Import Request.
  Time since last request: 0.000203 seconds.
  path: Assets/FloorTileOuterCorner.png
  artifactKey: Guid(e7bb98654ee0e4447af963a07d96ba02) Importer(815301076,1909f56bfc062723c751e8b465ee728b)
Start importing Assets/FloorTileOuterCorner.png using Guid(e7bb98654ee0e4447af963a07d96ba02) Importer(815301076,1909f56bfc062723c751e8b465ee728b)  -> (artifact id: '492d7f4f5a6b65c093bb709343c7d676') in 0.013781 seconds
  Import took 0.019238 seconds .

========================================================================
Received Import Request.
  Time since last request: 0.000266 seconds.
  path: Assets/Bullet.png
  artifactKey: Guid(98dbd0a36ddf8054898fd8d2bc6271d7) Importer(815301076,1909f56bfc062723c751e8b465ee728b)
Start importing Assets/Bullet.png using Guid(98dbd0a36ddf8054898fd8d2bc6271d7) Importer(815301076,1909f56bfc062723c751e8b465ee728b)  -> (artifact id: '6d544ba5ab02d1401c586c990d09c51a') in 0.017619 seconds
  Import took 0.022783 seconds .

========================================================================
Received Import Request.
  Time since last request: 100.243042 seconds.
  path: Assets/Scenes
  artifactKey: Guid(3017dd41fb10e404c8e8270c9aec2931) Importer(815301076,1909f56bfc062723c751e8b465ee728b)
Start importing Assets/Scenes using Guid(3017dd41fb10e404c8e8270c9aec2931) Importer(815301076,1909f56bfc062723c751e8b465ee728b)  -> (artifact id: '750671ba73253334350e7ed701d3e619') in 0.008317 seconds
  Import took 0.013379 seconds .

========================================================================
Received Import Request.
  Time since last request: 0.004348 seconds.
  path: Assets/Scenes
  artifactKey: Guid(3017dd41fb10e404c8e8270c9aec2931) Importer(815301076,1909f56bfc062723c751e8b465ee728b)
Start importing Assets/Scenes using Guid(3017dd41fb10e404c8e8270c9aec2931) Importer(815301076,1909f56bfc062723c751e8b465ee728b)  -> (artifact id: '750671ba73253334350e7ed701d3e619') in 0.003855 seconds
  Import took 0.008577 seconds .

========================================================================
Received Import Request.
  Time since last request: 3.441728 seconds.
  path: Assets/Scenes/Menu.unity
  artifactKey: Guid(fd61556a4c7c4e448b8f38270338d156) Importer(815301076,1909f56bfc062723c751e8b465ee728b)
Start importing Assets/Scenes/Menu.unity using Guid(fd61556a4c7c4e448b8f38270338d156) Importer(815301076,1909f56bfc062723c751e8b465ee728b)  -> (artifact id: '87222c7c479756cb53deb5ff0aecf10f') in 0.009482 seconds
  Import took 0.014631 seconds .

========================================================================
Received Import Request.
  Time since last request: 4.264972 seconds.
  path: Assets/Scenes/Game Over.unity
  artifactKey: Guid(eeaf57005607feb42810e9f77193793f) Importer(815301076,1909f56bfc062723c751e8b465ee728b)
Start importing Assets/Scenes/Game Over.unity using Guid(eeaf57005607feb42810e9f77193793f) Importer(815301076,1909f56bfc062723c751e8b465ee728b)  -> (artifact id: '36967f2a69d681d0890c18ca33d975cb') in 0.009269 seconds
  Import took 0.014729 seconds .

========================================================================
Received Prepare
Registering precompiled user dll's ...
Registered in 0.002193 seconds.
Begin MonoManager ReloadAssembly
Native extension for WindowsStandalone target not found
Refreshing native plugins compatible for Editor in 0.66 ms, found 1 plugins.
Preloading 0 native plugins for Editor in 0.00 ms.
Invoked RoslynAnalysisRunner static constructor.
RoslynAnalysisRunner will not be running.
RoslynAnalysisRunner has terminated.
Mono: successfully reloaded assembly
- Completed reload, in  1.159 seconds
Platform modules already initialized, skipping
Shader 'Universal Render Pipeline/Particles/Lit': fallback shader 'Universal Render Pipeline/Particles/SimpleLit' not found
Refreshing native plugins compatible for Editor in 0.63 ms, found 1 plugins.
Preloading 0 native plugins for Editor in 0.00 ms.
Unloading 2829 Unused Serialized files (Serialized files now loaded: 0)
System memory in use before: 128.2 MB.
System memory in use after: 128.4 MB.

Unloading 13 unused Assets to reduce memory usage. Loaded Objects now: 3435.
Total: 3.191700 ms (FindLiveObjects: 0.378800 ms CreateObjectMapping: 0.086600 ms MarkObjects: 2.562600 ms  DeleteObjects: 0.162200 ms)

========================================================================
Received Prepare
Registering precompiled user dll's ...
Registered in 0.002177 seconds.
Begin MonoManager ReloadAssembly
Native extension for WindowsStandalone target not found
Refreshing native plugins compatible for Editor in 0.64 ms, found 1 plugins.
Preloading 0 native plugins for Editor in 0.00 ms.
Invoked RoslynAnalysisRunner static constructor.
RoslynAnalysisRunner will not be running.
RoslynAnalysisRunner has terminated.
Mono: successfully reloaded assembly
- Completed reload, in  1.142 seconds
Platform modules already initialized, skipping
Shader 'Universal Render Pipeline/Particles/Lit': fallback shader 'Universal Render Pipeline/Particles/SimpleLit' not found
Refreshing native plugins compatible for Editor in 0.67 ms, found 1 plugins.
Preloading 0 native plugins for Editor in 0.00 ms.
Unloading 2827 Unused Serialized files (Serialized files now loaded: 0)
System memory in use before: 129.0 MB.
System memory in use after: 129.1 MB.

Unloading 13 unused Assets to reduce memory usage. Loaded Objects now: 3438.
Total: 3.036300 ms (FindLiveObjects: 0.389300 ms CreateObjectMapping: 0.088400 ms MarkObjects: 2.411700 ms  DeleteObjects: 0.145400 ms)

========================================================================
Received Prepare
Registering precompiled user dll's ...
Registered in 0.002208 seconds.
Begin MonoManager ReloadAssembly
Native extension for WindowsStandalone target not found
Refreshing native plugins compatible for Editor in 0.63 ms, found 1 plugins.
Preloading 0 native plugins for Editor in 0.00 ms.
Invoked RoslynAnalysisRunner static constructor.
RoslynAnalysisRunner will not be running.
RoslynAnalysisRunner has terminated.
Mono: successfully reloaded assembly
- Completed reload, in  1.125 seconds
Platform modules already initialized, skipping
Shader 'Universal Render Pipeline/Particles/Lit': fallback shader 'Universal Render Pipeline/Particles/SimpleLit' not found
Refreshing native plugins compatible for Editor in 0.65 ms, found 1 plugins.
Preloading 0 native plugins for Editor in 0.00 ms.
Unloading 2827 Unused Serialized files (Serialized files now loaded: 0)
System memory in use before: 129.3 MB.
System memory in use after: 129.4 MB.

Unloading 13 unused Assets to reduce memory usage. Loaded Objects now: 3441.
Total: 3.402800 ms (FindLiveObjects: 0.370000 ms CreateObjectMapping: 0.093900 ms MarkObjects: 2.771500 ms  DeleteObjects: 0.165300 ms)

========================================================================
Received Prepare
Registering precompiled user dll's ...
Registered in 0.002179 seconds.
Begin MonoManager ReloadAssembly
Native extension for WindowsStandalone target not found
Refreshing native plugins compatible for Editor in 0.66 ms, found 1 plugins.
Preloading 0 native plugins for Editor in 0.00 ms.
Invoked RoslynAnalysisRunner static constructor.
RoslynAnalysisRunner will not be running.
RoslynAnalysisRunner has terminated.
Mono: successfully reloaded assembly
- Completed reload, in  1.142 seconds
Platform modules already initialized, skipping
Shader 'Universal Render Pipeline/Particles/Lit': fallback shader 'Universal Render Pipeline/Particles/SimpleLit' not found
Refreshing native plugins compatible for Editor in 0.65 ms, found 1 plugins.
Preloading 0 native plugins for Editor in 0.00 ms.
Unloading 2827 Unused Serialized files (Serialized files now loaded: 0)
System memory in use before: 129.2 MB.
System memory in use after: 129.4 MB.

Unloading 13 unused Assets to reduce memory usage. Loaded Objects now: 3444.
Total: 3.548500 ms (FindLiveObjects: 0.391700 ms CreateObjectMapping: 0.087700 ms MarkObjects: 2.890900 ms  DeleteObjects: 0.175900 ms)

========================================================================
Received Prepare
Registering precompiled user dll's ...
Registered in 0.002212 seconds.
Begin MonoManager ReloadAssembly
Native extension for WindowsStandalone target not found
Refreshing native plugins compatible for Editor in 0.62 ms, found 1 plugins.
Preloading 0 native plugins for Editor in 0.00 ms.
Invoked RoslynAnalysisRunner static constructor.
RoslynAnalysisRunner will not be running.
RoslynAnalysisRunner has terminated.
Mono: successfully reloaded assembly
- Completed reload, in  1.122 seconds
Platform modules already initialized, skipping
Shader 'Universal Render Pipeline/Particles/Lit': fallback shader 'Universal Render Pipeline/Particles/SimpleLit' not found
Refreshing native plugins compatible for Editor in 0.63 ms, found 1 plugins.
Preloading 0 native plugins for Editor in 0.00 ms.
Unloading 2827 Unused Serialized files (Serialized files now loaded: 0)
System memory in use before: 129.3 MB.
System memory in use after: 129.4 MB.

Unloading 13 unused Assets to reduce memory usage. Loaded Objects now: 3447.
Total: 3.577600 ms (FindLiveObjects: 0.398700 ms CreateObjectMapping: 0.091200 ms MarkObjects: 2.932000 ms  DeleteObjects: 0.154000 ms)

========================================================================
Received Import Request.
  Time since last request: 194.784141 seconds.
  path: Assets/Scenes/Game Over.unity
  artifactKey: Guid(eeaf57005607feb42810e9f77193793f) Importer(815301076,1909f56bfc062723c751e8b465ee728b)
Start importing Assets/Scenes/Game Over.unity using Guid(eeaf57005607feb42810e9f77193793f) Importer(815301076,1909f56bfc062723c751e8b465ee728b)  -> (artifact id: '0de4905712cbcae0603231334df39e01') in 0.016599 seconds
  Import took 0.022159 seconds .

========================================================================
Received Import Request.
  Time since last request: 38.234191 seconds.
  path: Assets/Scenes/SampleScene.unity
  artifactKey: Guid(2cda990e2423bbf4892e6590ba056729) Importer(815301076,1909f56bfc062723c751e8b465ee728b)
Start importing Assets/Scenes/SampleScene.unity using Guid(2cda990e2423bbf4892e6590ba056729) Importer(815301076,1909f56bfc062723c751e8b465ee728b)  -> (artifact id: '7ffab6109a08d66b8b13c583ec63df0e') in 0.009372 seconds
  Import took 0.014515 seconds .

========================================================================
Received Import Request.
  Time since last request: 10.921091 seconds.
  path: Assets/Player_Detect.cs
  artifactKey: Guid(eca0158cc4bae5b40bbeec0a32e5b893) Importer(815301076,1909f56bfc062723c751e8b465ee728b)
Start importing Assets/Player_Detect.cs using Guid(eca0158cc4bae5b40bbeec0a32e5b893) Importer(815301076,1909f56bfc062723c751e8b465ee728b)  -> (artifact id: '30f0e6b509ddb8e5a65cd0c92d7db2bf') in 0.013532 seconds
  Import took 0.018675 seconds .

========================================================================
Received Import Request.
  Time since last request: 0.002317 seconds.
  path: Assets/Player_Detect.cs
  artifactKey: Guid(eca0158cc4bae5b40bbeec0a32e5b893) Importer(815301076,1909f56bfc062723c751e8b465ee728b)
Start importing Assets/Player_Detect.cs using Guid(eca0158cc4bae5b40bbeec0a32e5b893) Importer(815301076,1909f56bfc062723c751e8b465ee728b)  -> (artifact id: '30f0e6b509ddb8e5a65cd0c92d7db2bf') in 0.003650 seconds
  Import took 0.009239 seconds .

========================================================================
Received Import Request.
  Time since last request: 0.735998 seconds.
  path: Assets/Player_Movement.cs
  artifactKey: Guid(29e36b00ebc4eca449b42ace38087fe8) Importer(815301076,1909f56bfc062723c751e8b465ee728b)
Start importing Assets/Player_Movement.cs using Guid(29e36b00ebc4eca449b42ace38087fe8) Importer(815301076,1909f56bfc062723c751e8b465ee728b)  -> (artifact id: '397ee03b410d05a32febf01edd2c2e1d') in 0.008410 seconds
  Import took 0.013645 seconds .

========================================================================
Received Import Request.
  Time since last request: 0.583932 seconds.
  path: Assets/SceneChange.cs
  artifactKey: Guid(6074bf05ce1505a43975c2ac78f4dea2) Importer(815301076,1909f56bfc062723c751e8b465ee728b)
Start importing Assets/SceneChange.cs using Guid(6074bf05ce1505a43975c2ac78f4dea2) Importer(815301076,1909f56bfc062723c751e8b465ee728b)  -> (artifact id: 'ec3cf765d3476791e55ebf9a55d4503d') in 0.009451 seconds
  Import took 0.014734 seconds .

========================================================================
Received Import Request.
  Time since last request: 24.556795 seconds.
  path: Assets/Shooting.cs
  artifactKey: Guid(5c01f822b1bcbdb4ea908f52ec03ac99) Importer(815301076,1909f56bfc062723c751e8b465ee728b)
Start importing Assets/Shooting.cs using Guid(5c01f822b1bcbdb4ea908f52ec03ac99) Importer(815301076,1909f56bfc062723c751e8b465ee728b)  -> (artifact id: '54dee786439baffa48efaaf2dcffef1c') in 0.017212 seconds
  Import took 0.023091 seconds .

========================================================================
Received Import Request.
  Time since last request: 10.801921 seconds.
  path: Assets/Bullet.cs
  artifactKey: Guid(dbfcf646b9a839b46a58bceeecda0571) Importer(815301076,1909f56bfc062723c751e8b465ee728b)
Start importing Assets/Bullet.cs using Guid(dbfcf646b9a839b46a58bceeecda0571) Importer(815301076,1909f56bfc062723c751e8b465ee728b)  -> (artifact id: '33c6ccd4b662c88b0867a06dd16de272') in 0.003714 seconds
  Import took 0.008796 seconds .

========================================================================
Received Import Request.
  Time since last request: 0.004693 seconds.
  path: Assets/Bullet.cs
  artifactKey: Guid(dbfcf646b9a839b46a58bceeecda0571) Importer(815301076,1909f56bfc062723c751e8b465ee728b)
Start importing Assets/Bullet.cs using Guid(dbfcf646b9a839b46a58bceeecda0571) Importer(815301076,1909f56bfc062723c751e8b465ee728b)  -> (artifact id: '33c6ccd4b662c88b0867a06dd16de272') in 0.004388 seconds
  Import took 0.009993 seconds .

========================================================================
Received Prepare
Registering precompiled user dll's ...
Registered in 0.002338 seconds.
Begin MonoManager ReloadAssembly
Native extension for WindowsStandalone target not found
Refreshing native plugins compatible for Editor in 0.66 ms, found 1 plugins.
Preloading 0 native plugins for Editor in 0.00 ms.
Invoked RoslynAnalysisRunner static constructor.
RoslynAnalysisRunner will not be running.
RoslynAnalysisRunner has terminated.
Mono: successfully reloaded assembly
- Completed reload, in  1.139 seconds
Platform modules already initialized, skipping
Shader 'Universal Render Pipeline/Particles/Lit': fallback shader 'Universal Render Pipeline/Particles/SimpleLit' not found
Refreshing native plugins compatible for Editor in 0.65 ms, found 1 plugins.
Preloading 0 native plugins for Editor in 0.00 ms.
Unloading 2827 Unused Serialized files (Serialized files now loaded: 0)
System memory in use before: 129.3 MB.
System memory in use after: 129.5 MB.

Unloading 13 unused Assets to reduce memory usage. Loaded Objects now: 3450.
Total: 3.033700 ms (FindLiveObjects: 0.352600 ms CreateObjectMapping: 0.086200 ms MarkObjects: 2.441700 ms  DeleteObjects: 0.152100 ms)

========================================================================
Received Import Request.
  Time since last request: 55.957531 seconds.
  path: Assets/Bullet.cs
  artifactKey: Guid(dbfcf646b9a839b46a58bceeecda0571) Importer(815301076,1909f56bfc062723c751e8b465ee728b)
Start importing Assets/Bullet.cs using Guid(dbfcf646b9a839b46a58bceeecda0571) Importer(815301076,1909f56bfc062723c751e8b465ee728b)  -> (artifact id: '05ba5f5ef0c34874b28273a47cae5cb2') in 0.008515 seconds
  Import took 0.013820 seconds .

========================================================================
Received Import Request.
  Time since last request: 0.008083 seconds.
  path: Assets/Bullet.cs
  artifactKey: Guid(dbfcf646b9a839b46a58bceeecda0571) Importer(815301076,1909f56bfc062723c751e8b465ee728b)
Start importing Assets/Bullet.cs using Guid(dbfcf646b9a839b46a58bceeecda0571) Importer(815301076,1909f56bfc062723c751e8b465ee728b)  -> (artifact id: '05ba5f5ef0c34874b28273a47cae5cb2') in 0.004319 seconds
  Import took 0.009565 seconds .

========================================================================
Received Prepare
Registering precompiled user dll's ...
Registered in 0.002165 seconds.
Begin MonoManager ReloadAssembly
Native extension for WindowsStandalone target not found
Refreshing native plugins compatible for Editor in 0.63 ms, found 1 plugins.
Preloading 0 native plugins for Editor in 0.00 ms.
Invoked RoslynAnalysisRunner static constructor.
RoslynAnalysisRunner will not be running.
RoslynAnalysisRunner has terminated.
Mono: successfully reloaded assembly
- Completed reload, in  1.143 seconds
Platform modules already initialized, skipping
Shader 'Universal Render Pipeline/Particles/Lit': fallback shader 'Universal Render Pipeline/Particles/SimpleLit' not found
Refreshing native plugins compatible for Editor in 0.67 ms, found 1 plugins.
Preloading 0 native plugins for Editor in 0.00 ms.
Unloading 2827 Unused Serialized files (Serialized files now loaded: 0)
System memory in use before: 129.1 MB.
System memory in use after: 129.2 MB.

Unloading 13 unused Assets to reduce memory usage. Loaded Objects now: 3453.
Total: 3.936300 ms (FindLiveObjects: 0.388200 ms CreateObjectMapping: 0.103200 ms MarkObjects: 3.241300 ms  DeleteObjects: 0.201900 ms)

========================================================================
Received Prepare
Registering precompiled user dll's ...
Registered in 0.002259 seconds.
Begin MonoManager ReloadAssembly
Native extension for WindowsStandalone target not found
Refreshing native plugins compatible for Editor in 0.64 ms, found 1 plugins.
Preloading 0 native plugins for Editor in 0.00 ms.
Invoked RoslynAnalysisRunner static constructor.
RoslynAnalysisRunner will not be running.
RoslynAnalysisRunner has terminated.
Mono: successfully reloaded assembly
- Completed reload, in  1.181 seconds
Platform modules already initialized, skipping
Shader 'Universal Render Pipeline/Particles/Lit': fallback shader 'Universal Render Pipeline/Particles/SimpleLit' not found
Refreshing native plugins compatible for Editor in 0.66 ms, found 1 plugins.
Preloading 0 native plugins for Editor in 0.00 ms.
Unloading 2827 Unused Serialized files (Serialized files now loaded: 0)
System memory in use before: 129.4 MB.
System memory in use after: 129.5 MB.

Unloading 13 unused Assets to reduce memory usage. Loaded Objects now: 3456.
Total: 3.663500 ms (FindLiveObjects: 0.405800 ms CreateObjectMapping: 0.091600 ms MarkObjects: 2.995700 ms  DeleteObjects: 0.168700 ms)

========================================================================
Received Prepare
Registering precompiled user dll's ...
Registered in 0.003184 seconds.
Begin MonoManager ReloadAssembly
Native extension for WindowsStandalone target not found
Refreshing native plugins compatible for Editor in 0.64 ms, found 1 plugins.
Preloading 0 native plugins for Editor in 0.00 ms.
Invoked RoslynAnalysisRunner static constructor.
RoslynAnalysisRunner will not be running.
RoslynAnalysisRunner has terminated.
Mono: successfully reloaded assembly
- Completed reload, in  1.192 seconds
Platform modules already initialized, skipping
Shader 'Universal Render Pipeline/Particles/Lit': fallback shader 'Universal Render Pipeline/Particles/SimpleLit' not found
Refreshing native plugins compatible for Editor in 0.71 ms, found 1 plugins.
Preloading 0 native plugins for Editor in 0.00 ms.
Unloading 2827 Unused Serialized files (Serialized files now loaded: 0)
System memory in use before: 129.3 MB.
System memory in use after: 129.4 MB.

Unloading 13 unused Assets to reduce memory usage. Loaded Objects now: 3459.
Total: 3.601200 ms (FindLiveObjects: 0.413400 ms CreateObjectMapping: 0.093000 ms MarkObjects: 2.935900 ms  DeleteObjects: 0.156500 ms)

========================================================================
Received Prepare
Registering precompiled user dll's ...
Registered in 0.002217 seconds.
Begin MonoManager ReloadAssembly
Native extension for WindowsStandalone target not found
Refreshing native plugins compatible for Editor in 0.64 ms, found 1 plugins.
Preloading 0 native plugins for Editor in 0.00 ms.
Invoked RoslynAnalysisRunner static constructor.
RoslynAnalysisRunner will not be running.
RoslynAnalysisRunner has terminated.
Mono: successfully reloaded assembly
- Completed reload, in  1.211 seconds
Platform modules already initialized, skipping
Shader 'Universal Render Pipeline/Particles/Lit': fallback shader 'Universal Render Pipeline/Particles/SimpleLit' not found
Refreshing native plugins compatible for Editor in 0.71 ms, found 1 plugins.
Preloading 0 native plugins for Editor in 0.00 ms.
Unloading 2827 Unused Serialized files (Serialized files now loaded: 0)
System memory in use before: 129.4 MB.
System memory in use after: 129.5 MB.

Unloading 13 unused Assets to reduce memory usage. Loaded Objects now: 3462.
Total: 3.706800 ms (FindLiveObjects: 0.390700 ms CreateObjectMapping: 0.086000 ms MarkObjects: 3.023400 ms  DeleteObjects: 0.205200 ms)

AssetImportWorkerClient::OnTransportError - code=2 error=End of file
